This is pdfTeX, Version 3.14159265-2.6-1.40.18 (MiKTeX 2.9.6350 64-bit) (preloaded format=pdflatex 2019.4.16)  31 AUG 2023 13:08
entering extended mode
**./forecast_compile.tex
(forecast_compile.tex
LaTeX2e <2017-04-15>
Babel <3.10> and hyphenation patterns for 75 language(s) loaded.
("C:\Program Files\MiKTeX 2.9\tex\latex\base\article.cls"
Document Class: article 2014/09/29 v1.4h Standard LaTeX document class
("C:\Program Files\MiKTeX 2.9\tex\latex\base\size11.clo"
File: size11.clo 2014/09/29 v1.4h Standard LaTeX file (size option)
)
\c@part=\count79
\c@section=\count80
\c@subsection=\count81
\c@subsubsection=\count82
\c@paragraph=\count83
\c@subparagraph=\count84
\c@figure=\count85
\c@table=\count86
\abovecaptionskip=\skip41
\belowcaptionskip=\skip42
\bibindent=\dimen102
)
("C:\Program Files\MiKTeX 2.9\tex\latex\amsfonts\amssymb.sty"
Package: amssymb 2013/01/14 v3.01 AMS font symbols

("C:\Program Files\MiKTeX 2.9\tex\latex\amsfonts\amsfonts.sty"
Package: amsfonts 2013/01/14 v3.01 Basic AMSFonts support
\@emptytoks=\toks14
\symAMSa=\mathgroup4
\symAMSb=\mathgroup5
LaTeX Font Info:    Overwriting math alphabet `\mathfrak' in version `bold'
(Font)                  U/euf/m/n --> U/euf/b/n on input line 106.
))
("C:\Program Files\MiKTeX 2.9\tex\latex\graphics\graphicx.sty"
Package: graphicx 2014/10/28 v1.0g Enhanced LaTeX Graphics (DPC,SPQR)

("C:\Program Files\MiKTeX 2.9\tex\latex\graphics\keyval.sty"
Package: keyval 2014/10/28 v1.15 key=value parser (DPC)
\KV@toks@=\toks15
)
("C:\Program Files\MiKTeX 2.9\tex\latex\graphics\graphics.sty"
Package: graphics 2017/04/14 v1.1b Standard LaTeX Graphics (DPC,SPQR)

("C:\Program Files\MiKTeX 2.9\tex\latex\graphics\trig.sty"
Package: trig 2016/01/03 v1.10 sin cos tan (DPC)
)
("C:\Program Files\MiKTeX 2.9\tex\latex\graphics-cfg\graphics.cfg"
File: graphics.cfg 2016/06/04 v1.11 sample graphics configuration
)
Package graphics Info: Driver file: pdftex.def on input line 99.

("C:\Program Files\MiKTeX 2.9\tex\latex\graphics-def\pdftex.def"
File: pdftex.def 2017/01/12 v0.06k Graphics/color for pdfTeX

("C:\Program Files\MiKTeX 2.9\tex\generic\oberdiek\infwarerr.sty"
Package: infwarerr 2016/05/16 v1.4 Providing info/warning/error messages (HO)
)
("C:\Program Files\MiKTeX 2.9\tex\generic\oberdiek\ltxcmds.sty"
Package: ltxcmds 2016/05/16 v1.23 LaTeX kernel commands for general use (HO)
)
\Gread@gobject=\count87
))
\Gin@req@height=\dimen103
\Gin@req@width=\dimen104
)
("C:\Program Files\MiKTeX 2.9\tex\latex\amsmath\amsmath.sty"
Package: amsmath 2016/11/05 v2.16a AMS math features
\@mathmargin=\skip43

For additional information on amsmath, use the `?' option.
("C:\Program Files\MiKTeX 2.9\tex\latex\amsmath\amstext.sty"
Package: amstext 2000/06/29 v2.01 AMS text

("C:\Program Files\MiKTeX 2.9\tex\latex\amsmath\amsgen.sty"
File: amsgen.sty 1999/11/30 v2.0 generic functions
\@emptytoks=\toks16
\ex@=\dimen105
))
("C:\Program Files\MiKTeX 2.9\tex\latex\amsmath\amsbsy.sty"
Package: amsbsy 1999/11/29 v1.2d Bold Symbols
\pmbraise@=\dimen106
)
("C:\Program Files\MiKTeX 2.9\tex\latex\amsmath\amsopn.sty"
Package: amsopn 2016/03/08 v2.02 operator names
)
\inf@bad=\count88
LaTeX Info: Redefining \frac on input line 213.
\uproot@=\count89
\leftroot@=\count90
LaTeX Info: Redefining \overline on input line 375.
\classnum@=\count91
\DOTSCASE@=\count92
LaTeX Info: Redefining \ldots on input line 472.
LaTeX Info: Redefining \dots on input line 475.
LaTeX Info: Redefining \cdots on input line 596.
\Mathstrutbox@=\box26
\strutbox@=\box27
\big@size=\dimen107
LaTeX Font Info:    Redeclaring font encoding OML on input line 712.
LaTeX Font Info:    Redeclaring font encoding OMS on input line 713.
\macc@depth=\count93
\c@MaxMatrixCols=\count94
\dotsspace@=\muskip10
\c@parentequation=\count95
\dspbrk@lvl=\count96
\tag@help=\toks17
\row@=\count97
\column@=\count98
\maxfields@=\count99
\andhelp@=\toks18
\eqnshift@=\dimen108
\alignsep@=\dimen109
\tagshift@=\dimen110
\tagwidth@=\dimen111
\totwidth@=\dimen112
\lineht@=\dimen113
\@envbody=\toks19
\multlinegap=\skip44
\multlinetaggap=\skip45
\mathdisplay@stack=\toks20
LaTeX Info: Redefining \[ on input line 2817.
LaTeX Info: Redefining \] on input line 2818.
)
("C:\Program Files\MiKTeX 2.9\tex\latex\graphics\rotating.sty"
Package: rotating 2016/08/11 v2.16d rotated objects in LaTeX

("C:\Program Files\MiKTeX 2.9\tex\latex\base\ifthen.sty"
Package: ifthen 2014/09/29 v1.1c Standard LaTeX ifthen package (DPC)
)
\c@r@tfl@t=\count100
\rotFPtop=\skip46
\rotFPbot=\skip47
\rot@float@box=\box28
\rot@mess@toks=\toks21
)
("C:\Program Files\MiKTeX 2.9\tex\latex\graphics\epsfig.sty"
Package: epsfig 1999/02/16 v1.7a (e)psfig emulation (SPQR)
\epsfxsize=\dimen114
\epsfysize=\dimen115
)
("C:\Program Files\MiKTeX 2.9\tex\latex\booktabs\booktabs.sty"
Package: booktabs 2005/04/14 v1.61803 publication quality tables
\heavyrulewidth=\dimen116
\lightrulewidth=\dimen117
\cmidrulewidth=\dimen118
\belowrulesep=\dimen119
\belowbottomsep=\dimen120
\aboverulesep=\dimen121
\abovetopsep=\dimen122
\cmidrulesep=\dimen123
\cmidrulekern=\dimen124
\defaultaddspace=\dimen125
\@cmidla=\count101
\@cmidlb=\count102
\@aboverulesep=\dimen126
\@belowrulesep=\dimen127
\@thisruleclass=\count103
\@lastruleclass=\count104
\@thisrulewidth=\dimen128
)
("C:\Program Files\MiKTeX 2.9\tex\latex\natbib\natbib.sty"
Package: natbib 2010/09/13 8.31b (PWD, AO)
\bibhang=\skip48
\bibsep=\skip49
LaTeX Info: Redefining \cite on input line 694.
\c@NAT@ctr=\count105
)
("C:\Program Files\MiKTeX 2.9\tex\latex\setspace\setspace.sty"
Package: setspace 2011/12/19 v6.7a set line spacing
)
("C:\Program Files\MiKTeX 2.9\tex\latex\appendix\appendix.sty"
Package: appendix 2009/09/02 v1.2b extra appendix facilities
\c@@pps=\count106
\c@@ppsavesec=\count107
\c@@ppsaveapp=\count108
)
("C:\Program Files\MiKTeX 2.9\tex\latex\multirow\multirow.sty"
Package: multirow 2016/11/25 v2.2 Span multiple rows of a table
\multirow@colwidth=\skip50
\multirow@cntb=\count109
\multirow@dima=\skip51
\bigstrutjot=\dimen129
)
("C:\Program Files\MiKTeX 2.9\tex\latex\bbm\bbm.sty"
Package: bbm 1999/03/15 V 1.2 provides fonts for set symbols - TH
LaTeX Font Info:    Overwriting math alphabet `\mathbbm' in version `bold'
(Font)                  U/bbm/m/n --> U/bbm/bx/n on input line 33.
LaTeX Font Info:    Overwriting math alphabet `\mathbbmss' in version `bold'
(Font)                  U/bbmss/m/n --> U/bbmss/bx/n on input line 35.
)
("C:\Program Files\MiKTeX 2.9\tex\latex\graphics\color.sty"
Package: color 2016/07/10 v1.1e Standard LaTeX Color (DPC)

("C:\Program Files\MiKTeX 2.9\tex\latex\graphics-cfg\color.cfg"
File: color.cfg 2016/01/02 v1.6 sample color configuration
)
Package color Info: Driver file: pdftex.def on input line 147.
)
("C:\Program Files\MiKTeX 2.9\tex\latex\graphics\lscape.sty"
Package: lscape 2000/10/22 v3.01 Landscape Pages (DPC)
)
("C:\Program Files\MiKTeX 2.9\tex\latex\subfigure\subfigure.sty"
Package: subfigure 2002/07/30 v2.1.4 subfigure package
\subfigtopskip=\skip52
\subfigcapskip=\skip53
\subfigcaptopadj=\dimen130
\subfigbottomskip=\skip54
\subfigcapmargin=\dimen131
\subfiglabelskip=\skip55
\c@subfigure=\count110
\c@lofdepth=\count111
\c@subtable=\count112
\c@lotdepth=\count113

****************************************
* Local config file subfigure.cfg used *
****************************************
("C:\Program Files\MiKTeX 2.9\tex\latex\subfigure\subfigure.cfg")
\subfig@top=\skip56
\subfig@bottom=\skip57
)
("C:\Program Files\MiKTeX 2.9\tex\latex\ltxmisc\anysize.sty"
Package: anysize 1994/08/13 1.0 Contributed LaTeX2e package

Package: `anysize' 1.0 <1994/08/13>
\@Leftmargin=\dimen132
\@Rightmargin=\dimen133
\@Topmargin=\dimen134
\@Bottommargin=\dimen135
) ("C:\Program Files\MiKTeX 2.9\tex\latex\hyperref\hyperref.sty"
Package: hyperref 2017/03/14 v6.85a Hypertext links for LaTeX

("C:\Program Files\MiKTeX 2.9\tex\generic\oberdiek\hobsub-hyperref.sty"
Package: hobsub-hyperref 2016/05/16 v1.14 Bundle oberdiek, subset hyperref (HO)


("C:\Program Files\MiKTeX 2.9\tex\generic\oberdiek\hobsub-generic.sty"
Package: hobsub-generic 2016/05/16 v1.14 Bundle oberdiek, subset generic (HO)
Package: hobsub 2016/05/16 v1.14 Construct package bundles (HO)
Package hobsub Info: Skipping package `infwarerr' (already loaded).
Package hobsub Info: Skipping package `ltxcmds' (already loaded).
Package: ifluatex 2016/05/16 v1.4 Provides the ifluatex switch (HO)
Package ifluatex Info: LuaTeX not detected.
Package: ifvtex 2016/05/16 v1.6 Detect VTeX and its facilities (HO)
Package ifvtex Info: VTeX not detected.
Package: intcalc 2016/05/16 v1.2 Expandable calculations with integers (HO)
Package: ifpdf 2017/03/15 v3.2 Provides the ifpdf switch
Package: etexcmds 2016/05/16 v1.6 Avoid name clashes with e-TeX commands (HO)
Package etexcmds Info: Could not find \expanded.
(etexcmds)             That can mean that you are not using pdfTeX 1.50 or
(etexcmds)             that some package has redefined \expanded.
(etexcmds)             In the latter case, load this package earlier.
Package: kvsetkeys 2016/05/16 v1.17 Key value parser (HO)
Package: kvdefinekeys 2016/05/16 v1.4 Define keys (HO)
Package: pdftexcmds 2017/03/19 v0.25 Utility functions of pdfTeX for LuaTeX (HO
)
Package pdftexcmds Info: LuaTeX not detected.
Package pdftexcmds Info: \pdf@primitive is available.
Package pdftexcmds Info: \pdf@ifprimitive is available.
Package pdftexcmds Info: \pdfdraftmode found.
Package: pdfescape 2016/05/16 v1.14 Implements pdfTeX's escape features (HO)
Package: bigintcalc 2016/05/16 v1.4 Expandable calculations on big integers (HO
)
Package: bitset 2016/05/16 v1.2 Handle bit-vector datatype (HO)
Package: uniquecounter 2016/05/16 v1.3 Provide unlimited unique counter (HO)
)
Package hobsub Info: Skipping package `hobsub' (already loaded).
Package: letltxmacro 2016/05/16 v1.5 Let assignment for LaTeX macros (HO)
Package: hopatch 2016/05/16 v1.3 Wrapper for package hooks (HO)
Package: xcolor-patch 2016/05/16 xcolor patch
Package: atveryend 2016/05/16 v1.9 Hooks at the very end of document (HO)
Package atveryend Info: \enddocument detected (standard20110627).
Package: atbegshi 2016/06/09 v1.18 At begin shipout hook (HO)
Package: refcount 2016/05/16 v3.5 Data extraction from label references (HO)
Package: hycolor 2016/05/16 v1.8 Color options for hyperref/bookmark (HO)
)
("C:\Program Files\MiKTeX 2.9\tex\generic\ifxetex\ifxetex.sty"
Package: ifxetex 2010/09/12 v0.6 Provides ifxetex conditional
)
("C:\Program Files\MiKTeX 2.9\tex\latex\oberdiek\auxhook.sty"
Package: auxhook 2016/05/16 v1.4 Hooks for auxiliary files (HO)
)
("C:\Program Files\MiKTeX 2.9\tex\latex\oberdiek\kvoptions.sty"
Package: kvoptions 2016/05/16 v3.12 Key value format for package options (HO)
)
\@linkdim=\dimen136
\Hy@linkcounter=\count114
\Hy@pagecounter=\count115

("C:\Program Files\MiKTeX 2.9\tex\latex\hyperref\pd1enc.def"
File: pd1enc.def 2017/03/14 v6.85a Hyperref: PDFDocEncoding definition (HO)
)
\Hy@SavedSpaceFactor=\count116

("C:\Program Files\MiKTeX 2.9\tex\latex\00miktex\hyperref.cfg"
File: hyperref.cfg 2002/06/06 v1.2 hyperref configuration of TeXLive
)
Package hyperref Info: Hyper figures OFF on input line 4498.
Package hyperref Info: Link nesting OFF on input line 4503.
Package hyperref Info: Hyper index ON on input line 4506.
Package hyperref Info: Plain pages OFF on input line 4513.
Package hyperref Info: Backreferencing OFF on input line 4518.
Package hyperref Info: Implicit mode ON; LaTeX internals redefined.
Package hyperref Info: Bookmarks ON on input line 4751.
\c@Hy@tempcnt=\count117

("C:\Program Files\MiKTeX 2.9\tex\latex\url\url.sty"
\Urlmuskip=\muskip11
Package: url 2013/09/16  ver 3.4  Verb mode for urls, etc.
)
LaTeX Info: Redefining \url on input line 5104.
\XeTeXLinkMargin=\dimen137
\Fld@menulength=\count118
\Field@Width=\dimen138
\Fld@charsize=\dimen139
Package hyperref Info: Hyper figures OFF on input line 6358.
Package hyperref Info: Link nesting OFF on input line 6363.
Package hyperref Info: Hyper index ON on input line 6366.
Package hyperref Info: backreferencing OFF on input line 6373.
Package hyperref Info: Link coloring OFF on input line 6378.
Package hyperref Info: Link coloring with OCG OFF on input line 6383.
Package hyperref Info: PDF/A mode OFF on input line 6388.
LaTeX Info: Redefining \ref on input line 6428.
LaTeX Info: Redefining \pageref on input line 6432.
\Hy@abspage=\count119
\c@Item=\count120
\c@Hfootnote=\count121
)

Package hyperref Message: Driver (autodetected): hpdftex.

("C:\Program Files\MiKTeX 2.9\tex\latex\hyperref\hpdftex.def"
File: hpdftex.def 2017/03/14 v6.85a Hyperref driver for pdfTeX
\Fld@listcount=\count122
\c@bookmark@seq@number=\count123

("C:\Program Files\MiKTeX 2.9\tex\latex\oberdiek\rerunfilecheck.sty"
Package: rerunfilecheck 2016/05/16 v1.8 Rerun checks for auxiliary files (HO)
Package uniquecounter Info: New unique counter `rerunfilecheck' on input line 2
82.
)
\Hy@SectionHShift=\skip58
)
("C:\Program Files\MiKTeX 2.9\tex\latex\placeins\placeins.sty"
Package: placeins 2005/04/18  v 2.2
)
("C:\Program Files\MiKTeX 2.9\tex\latex\versions\versions.sty"
Package: versions 2005/04/28 v0.55 ignore passages optionally (UL)

*** `comment' excluded. ***
) ("C:\Program Files\MiKTeX 2.9\tex\latex\ltxmisc\varwidth.sty"
Package: varwidth 2009/03/30 ver 0.92;  Variable-width minipages
\@vwid@box=\box29
\sift@deathcycles=\count124
\@vwid@loff=\dimen140
\@vwid@roff=\dimen141
)
("C:\Program Files\MiKTeX 2.9\tex\latex\eurosym\eurosym.sty"
Package: eurosym 1998/08/06 v1.1 European currency symbol ``Euro''
\@eurobox=\box30
)
\c@theorem=\count125
\c@definition=\count126
\c@lemma=\count127
\c@corollary=\count128
\c@proposition=\count129
\c@assumption=\count130
\c@pkt=\count131

(forecast_compile.aux)
\openout1 = `forecast_compile.aux'.

LaTeX Font Info:    Checking defaults for OML/cmm/m/it on input line 69.
LaTeX Font Info:    ... okay on input line 69.
LaTeX Font Info:    Checking defaults for T1/cmr/m/n on input line 69.
LaTeX Font Info:    ... okay on input line 69.
LaTeX Font Info:    Checking defaults for OT1/cmr/m/n on input line 69.
LaTeX Font Info:    ... okay on input line 69.
LaTeX Font Info:    Checking defaults for OMS/cmsy/m/n on input line 69.
LaTeX Font Info:    ... okay on input line 69.
LaTeX Font Info:    Checking defaults for OMX/cmex/m/n on input line 69.
LaTeX Font Info:    ... okay on input line 69.
LaTeX Font Info:    Checking defaults for U/cmr/m/n on input line 69.
LaTeX Font Info:    ... okay on input line 69.
LaTeX Font Info:    Checking defaults for PD1/pdf/m/n on input line 69.
LaTeX Font Info:    ... okay on input line 69.

("C:\Program Files\MiKTeX 2.9\tex\context\base\supp-pdf.mkii"
[Loading MPS to PDF converter (version 2006.09.02).]
\scratchcounter=\count132
\scratchdimen=\dimen142
\scratchbox=\box31
\nofMPsegments=\count133
\nofMParguments=\count134
\everyMPshowfont=\toks22
\MPscratchCnt=\count135
\MPscratchDim=\dimen143
\MPnumerator=\count136
\makeMPintoPDFobject=\count137
\everyMPtoPDFconversion=\toks23
) ("C:\Program Files\MiKTeX 2.9\tex\latex\oberdiek\epstopdf-base.sty"
Package: epstopdf-base 2016/05/15 v2.6 Base part for package epstopdf

("C:\Program Files\MiKTeX 2.9\tex\latex\oberdiek\grfext.sty"
Package: grfext 2016/05/16 v1.2 Manage graphics extensions (HO)
)
Package epstopdf-base Info: Redefining graphics rule for `.eps' on input line 4
38.
Package grfext Info: Graphics extension search list:
(grfext)             [.png,.pdf,.jpg,.mps,.jpeg,.jbig2,.jb2,.PNG,.PDF,.JPG,.JPE
G,.JBIG2,.JB2,.eps]
(grfext)             \AppendGraphicsExtensions on input line 456.
)
\AtBeginShipoutBox=\box32
Package hyperref Info: Link coloring OFF on input line 69.

("C:\Program Files\MiKTeX 2.9\tex\latex\hyperref\nameref.sty"
Package: nameref 2016/05/21 v2.44 Cross-referencing by name of section

("C:\Program Files\MiKTeX 2.9\tex\generic\oberdiek\gettitlestring.sty"
Package: gettitlestring 2016/05/16 v1.5 Cleanup title references (HO)
)
\c@section@level=\count138
)
LaTeX Info: Redefining \ref on input line 69.
LaTeX Info: Redefining \pageref on input line 69.
LaTeX Info: Redefining \nameref on input line 69.

(forecast_compile.out) (forecast_compile.out)
\@outlinefile=\write3
\openout3 = `forecast_compile.out'.

LaTeX Font Info:    Try loading font information for U+msa on input line 75.

("C:\Program Files\MiKTeX 2.9\tex\latex\amsfonts\umsa.fd"
File: umsa.fd 2013/01/14 v3.01 AMS symbols A
)
LaTeX Font Info:    Try loading font information for U+msb on input line 75.

("C:\Program Files\MiKTeX 2.9\tex\latex\amsfonts\umsb.fd"
File: umsb.fd 2013/01/14 v3.01 AMS symbols B
)
Package epstopdf Info: Source file: <../Figures/cgr2_7_9.eps>
(epstopdf)                    date: 2023-08-31 13:07:55
(epstopdf)                    size: 20864 bytes
(epstopdf)             Output file: <../Figures/cgr2_7_9-eps-converted-to.pdf>
(epstopdf)             Command: <epstopdf --outfile=../Figures/cgr2_7_9-eps-con
verted-to.pdf ../Figures/cgr2_7_9.eps>
(epstopdf)             \includegraphics on input line 79.
runsystem(epstopdf --outfile=../Figures/cgr2_7_9-eps-converted-to.pdf ../Figure
s/cgr2_7_9.eps)...executed (allowed).

Package epstopdf Info: Result file: <../Figures/cgr2_7_9-eps-converted-to.pdf>
(epstopdf)                    date: 2023-08-31 13:08:22
(epstopdf)                    size: 6929 bytes.

<../Figures/cgr2_7_9-eps-converted-to.pdf, id=3, 402.50375pt x 245.91875pt>
File: ../Figures/cgr2_7_9-eps-converted-to.pdf Graphic file (type pdf)

<use ../Figures/cgr2_7_9-eps-converted-to.pdf>
Package pdftex.def Info: ../Figures/cgr2_7_9-eps-converted-to.pdf used on input
 line 79.
(pdftex.def)             Requested size: 155.37666pt x 108.40346pt.
Package epstopdf Info: Source file: <../Figures/cgr1_7_9.eps>
(epstopdf)                    date: 2023-08-31 13:07:54
(epstopdf)                    size: 20857 bytes
(epstopdf)             Output file: <../Figures/cgr1_7_9-eps-converted-to.pdf>
(epstopdf)             Command: <epstopdf --outfile=../Figures/cgr1_7_9-eps-con
verted-to.pdf ../Figures/cgr1_7_9.eps>
(epstopdf)             \includegraphics on input line 80.
runsystem(epstopdf --outfile=../Figures/cgr1_7_9-eps-converted-to.pdf ../Figure
s/cgr1_7_9.eps)...executed (allowed).

Package epstopdf Info: Result file: <../Figures/cgr1_7_9-eps-converted-to.pdf>
(epstopdf)                    date: 2023-08-31 13:08:22
(epstopdf)                    size: 6923 bytes.

<../Figures/cgr1_7_9-eps-converted-to.pdf, id=5, 402.50375pt x 245.91875pt>
File: ../Figures/cgr1_7_9-eps-converted-to.pdf Graphic file (type pdf)

<use ../Figures/cgr1_7_9-eps-converted-to.pdf>
Package pdftex.def Info: ../Figures/cgr1_7_9-eps-converted-to.pdf used on input
 line 80.
(pdftex.def)             Requested size: 155.37666pt x 108.40346pt.
Package epstopdf Info: Source file: <../Figures/cgr3_7_9.eps>
(epstopdf)                    date: 2023-08-31 13:07:56
(epstopdf)                    size: 20841 bytes
(epstopdf)             Output file: <../Figures/cgr3_7_9-eps-converted-to.pdf>
(epstopdf)             Command: <epstopdf --outfile=../Figures/cgr3_7_9-eps-con
verted-to.pdf ../Figures/cgr3_7_9.eps>
(epstopdf)             \includegraphics on input line 81.
runsystem(epstopdf --outfile=../Figures/cgr3_7_9-eps-converted-to.pdf ../Figure
s/cgr3_7_9.eps)...executed (allowed).

Package epstopdf Info: Result file: <../Figures/cgr3_7_9-eps-converted-to.pdf>
(epstopdf)                    date: 2023-08-31 13:08:23
(epstopdf)                    size: 6929 bytes.

<../Figures/cgr3_7_9-eps-converted-to.pdf, id=7, 402.50375pt x 246.9225pt>
File: ../Figures/cgr3_7_9-eps-converted-to.pdf Graphic file (type pdf)

<use ../Figures/cgr3_7_9-eps-converted-to.pdf>
Package pdftex.def Info: ../Figures/cgr3_7_9-eps-converted-to.pdf used on input
 line 81.
(pdftex.def)             Requested size: 155.37666pt x 108.40132pt.
Package epstopdf Info: Source file: <../Figures/lv2_7_1.eps>
(epstopdf)                    date: 2023-08-31 13:06:45
(epstopdf)                    size: 21372 bytes
(epstopdf)             Output file: <../Figures/lv2_7_1-eps-converted-to.pdf>
(epstopdf)             Command: <epstopdf --outfile=../Figures/lv2_7_1-eps-conv
erted-to.pdf ../Figures/lv2_7_1.eps>
(epstopdf)             \includegraphics on input line 83.
runsystem(epstopdf --outfile=../Figures/lv2_7_1-eps-converted-to.pdf ../Figures
/lv2_7_1.eps)...executed (allowed).

Package epstopdf Info: Result file: <../Figures/lv2_7_1-eps-converted-to.pdf>
(epstopdf)                    date: 2023-08-31 13:08:24
(epstopdf)                    size: 6979 bytes.

<../Figures/lv2_7_1-eps-converted-to.pdf, id=9, 402.50375pt x 247.92625pt>
File: ../Figures/lv2_7_1-eps-converted-to.pdf Graphic file (type pdf)

<use ../Figures/lv2_7_1-eps-converted-to.pdf>
Package pdftex.def Info: ../Figures/lv2_7_1-eps-converted-to.pdf used on input 
line 83.
(pdftex.def)             Requested size: 155.37666pt x 108.40315pt.
Package epstopdf Info: Source file: <../Figures/lv1_7_1.eps>
(epstopdf)                    date: 2023-08-31 13:06:45
(epstopdf)                    size: 21373 bytes
(epstopdf)             Output file: <../Figures/lv1_7_1-eps-converted-to.pdf>
(epstopdf)             Command: <epstopdf --outfile=../Figures/lv1_7_1-eps-conv
erted-to.pdf ../Figures/lv1_7_1.eps>
(epstopdf)             \includegraphics on input line 84.
runsystem(epstopdf --outfile=../Figures/lv1_7_1-eps-converted-to.pdf ../Figures
/lv1_7_1.eps)...executed (allowed).

Package epstopdf Info: Result file: <../Figures/lv1_7_1-eps-converted-to.pdf>
(epstopdf)                    date: 2023-08-31 13:08:25
(epstopdf)                    size: 6987 bytes.

<../Figures/lv1_7_1-eps-converted-to.pdf, id=11, 402.50375pt x 247.92625pt>
File: ../Figures/lv1_7_1-eps-converted-to.pdf Graphic file (type pdf)

<use ../Figures/lv1_7_1-eps-converted-to.pdf>
Package pdftex.def Info: ../Figures/lv1_7_1-eps-converted-to.pdf used on input 
line 84.
(pdftex.def)             Requested size: 155.37666pt x 108.40315pt.
Package epstopdf Info: Source file: <../Figures/lv3_7_1.eps>
(epstopdf)                    date: 2023-08-31 13:06:46
(epstopdf)                    size: 21345 bytes
(epstopdf)             Output file: <../Figures/lv3_7_1-eps-converted-to.pdf>
(epstopdf)             Command: <epstopdf --outfile=../Figures/lv3_7_1-eps-conv
erted-to.pdf ../Figures/lv3_7_1.eps>
(epstopdf)             \includegraphics on input line 85.
runsystem(epstopdf --outfile=../Figures/lv3_7_1-eps-converted-to.pdf ../Figures
/lv3_7_1.eps)...executed (allowed).

Package epstopdf Info: Result file: <../Figures/lv3_7_1-eps-converted-to.pdf>
(epstopdf)                    date: 2023-08-31 13:08:25
(epstopdf)                    size: 6981 bytes.

<../Figures/lv3_7_1-eps-converted-to.pdf, id=13, 402.50375pt x 247.92625pt>
File: ../Figures/lv3_7_1-eps-converted-to.pdf Graphic file (type pdf)

<use ../Figures/lv3_7_1-eps-converted-to.pdf>
Package pdftex.def Info: ../Figures/lv3_7_1-eps-converted-to.pdf used on input 
line 85.
(pdftex.def)             Requested size: 155.37666pt x 108.40315pt.
Package epstopdf Info: Source file: <../Figures/gr2_7_3.eps>
(epstopdf)                    date: 2023-08-31 13:07:14
(epstopdf)                    size: 21128 bytes
(epstopdf)             Output file: <../Figures/gr2_7_3-eps-converted-to.pdf>
(epstopdf)             Command: <epstopdf --outfile=../Figures/gr2_7_3-eps-conv
erted-to.pdf ../Figures/gr2_7_3.eps>
(epstopdf)             \includegraphics on input line 87.
runsystem(epstopdf --outfile=../Figures/gr2_7_3-eps-converted-to.pdf ../Figures
/gr2_7_3.eps)...executed (allowed).

Package epstopdf Info: Result file: <../Figures/gr2_7_3-eps-converted-to.pdf>
(epstopdf)                    date: 2023-08-31 13:08:26
(epstopdf)                    size: 6912 bytes.

<../Figures/gr2_7_3-eps-converted-to.pdf, id=15, 402.50375pt x 245.91875pt>
File: ../Figures/gr2_7_3-eps-converted-to.pdf Graphic file (type pdf)

<use ../Figures/gr2_7_3-eps-converted-to.pdf>
Package pdftex.def Info: ../Figures/gr2_7_3-eps-converted-to.pdf used on input 
line 87.
(pdftex.def)             Requested size: 155.37666pt x 108.40346pt.
Package epstopdf Info: Source file: <../Figures/gr1_7_3.eps>
(epstopdf)                    date: 2023-08-31 13:07:13
(epstopdf)                    size: 21122 bytes
(epstopdf)             Output file: <../Figures/gr1_7_3-eps-converted-to.pdf>
(epstopdf)             Command: <epstopdf --outfile=../Figures/gr1_7_3-eps-conv
erted-to.pdf ../Figures/gr1_7_3.eps>
(epstopdf)             \includegraphics on input line 88.
runsystem(epstopdf --outfile=../Figures/gr1_7_3-eps-converted-to.pdf ../Figures
/gr1_7_3.eps)...executed (allowed).

Package epstopdf Info: Result file: <../Figures/gr1_7_3-eps-converted-to.pdf>
(epstopdf)                    date: 2023-08-31 13:08:26
(epstopdf)                    size: 6919 bytes.

<../Figures/gr1_7_3-eps-converted-to.pdf, id=17, 402.50375pt x 245.91875pt>
File: ../Figures/gr1_7_3-eps-converted-to.pdf Graphic file (type pdf)

<use ../Figures/gr1_7_3-eps-converted-to.pdf>
Package pdftex.def Info: ../Figures/gr1_7_3-eps-converted-to.pdf used on input 
line 88.
(pdftex.def)             Requested size: 155.37666pt x 108.40346pt.
Package epstopdf Info: Source file: <../Figures/gr3_7_3.eps>
(epstopdf)                    date: 2023-08-31 13:07:15
(epstopdf)                    size: 21106 bytes
(epstopdf)             Output file: <../Figures/gr3_7_3-eps-converted-to.pdf>
(epstopdf)             Command: <epstopdf --outfile=../Figures/gr3_7_3-eps-conv
erted-to.pdf ../Figures/gr3_7_3.eps>
(epstopdf)             \includegraphics on input line 89.
runsystem(epstopdf --outfile=../Figures/gr3_7_3-eps-converted-to.pdf ../Figures
/gr3_7_3.eps)...executed (allowed).

Package epstopdf Info: Result file: <../Figures/gr3_7_3-eps-converted-to.pdf>
(epstopdf)                    date: 2023-08-31 13:08:27
(epstopdf)                    size: 6930 bytes.

<../Figures/gr3_7_3-eps-converted-to.pdf, id=19, 402.50375pt x 246.9225pt>
File: ../Figures/gr3_7_3-eps-converted-to.pdf Graphic file (type pdf)

<use ../Figures/gr3_7_3-eps-converted-to.pdf>
Package pdftex.def Info: ../Figures/gr3_7_3-eps-converted-to.pdf used on input 
line 89.
(pdftex.def)             Requested size: 155.37666pt x 108.40132pt.
Package atveryend Info: Empty hook `BeforeClearDocument' on input line 100.
 [1{C:/ProgramData/MiKTeX/2.9/pdftex/config/pdftex.map} <../Figures/cgr2_7_9-ep
s-converted-to.pdf> <../Figures/cgr1_7_9-eps-converted-to.pdf> <../Figures/cgr3
_7_9-eps-converted-to.pdf> <../Figures/lv2_7_1-eps-converted-to.pdf> <../Figure
s/lv1_7_1-eps-converted-to.pdf> <../Figures/lv3_7_1-eps-converted-to.pdf> <../F
igures/gr2_7_3-eps-converted-to.pdf> <../Figures/gr1_7_3-eps-converted-to.pdf> 
<../Figures/gr3_7_3-eps-converted-to.pdf>]
Package atveryend Info: Empty hook `AfterLastShipout' on input line 100.
 (forecast_compile.aux)
Package atveryend Info: Executing hook `AtVeryEndDocument' on input line 100.
Package atveryend Info: Executing hook `AtEndAfterFileList' on input line 100.
Package rerunfilecheck Info: File `forecast_compile.out' has not changed.
(rerunfilecheck)             Checksum: D41D8CD98F00B204E9800998ECF8427E;0.
Package atveryend Info: Empty hook `AtVeryVeryEnd' on input line 100.
 ) 
Here is how much of TeX's memory you used:
 7149 strings out of 493323
 102520 string characters out of 3139060
 187529 words of memory out of 3000000
 10564 multiletter control sequences out of 15000+200000
 9285 words of font info for 35 fonts, out of 3000000 for 9000
 1141 hyphenation exceptions out of 8191
 28i,12n,26p,670b,397s stack positions out of 5000i,500n,10000p,200000b,50000s
<C:/Program Files/MiKTeX 2.9/fonts/type1/public/amsfonts/cm/cmr10.pfb><C:/Pro
gram Files/MiKTeX 2.9/fonts/type1/public/amsfonts/cm/cmr9.pfb><C:/Program Files
/MiKTeX 2.9/fonts/type1/public/amsfonts/cm/cmti9.pfb>
Output written on forecast_compile.pdf (1 page, 92839 bytes).
PDF statistics:
 77 PDF objects out of 1000 (max. 8388607)
 2 named destinations out of 1000 (max. 500000)
 100 words of extra memory for PDF output out of 10000 (max. 10000000)

